{
  "stats": {
    "suites": 1,
    "tests": 2,
    "passes": 2,
    "pending": 0,
    "failures": 0,
    "start": "2025-08-05T10:49:07.778Z",
    "end": "2025-08-05T10:49:24.199Z",
    "duration": 16421,
    "testsRegistered": 2,
    "passPercent": 100,
    "pendingPercent": 0,
    "other": 0,
    "hasOther": false,
    "skipped": 0,
    "hasSkipped": false
  },
  "results": [
    {
      "uuid": "eba27cd4-4cbc-48bc-b598-c0ce9d33b79b",
      "title": "",
      "fullFile": "cypress\\e2e\\smoke\\login.cy.js",
      "file": "cypress\\e2e\\smoke\\login.cy.js",
      "beforeHooks": [],
      "afterHooks": [],
      "tests": [],
      "suites": [
        {
          "uuid": "8cd88a72-8d54-47a5-b01d-c22587cea832",
          "title": "Sign Up and Login Flow",
          "fullFile": "",
          "file": "",
          "beforeHooks": [],
          "afterHooks": [],
          "tests": [
            {
              "title": "should allow user to sign up",
              "fullTitle": "Sign Up and Login Flow should allow user to sign up",
              "timedOut": null,
              "duration": 6628,
              "state": "passed",
              "speed": "medium",
              "pass": true,
              "fail": false,
              "pending": false,
              "context": null,
              "code": "registerPage.visit();\nregisterPage.fillForm(user.email, user.password, user.name);\nregisterPage.submit();\ncy.contains('User account created successfully').should('be.visible');",
              "err": {},
              "uuid": "6e869107-300f-43ed-853f-78c4bbfa03ec",
              "parentUUID": "8cd88a72-8d54-47a5-b01d-c22587cea832",
              "isHook": false,
              "skipped": false
            },
            {
              "title": "should allow user to login with same credentials",
              "fullTitle": "Sign Up and Login Flow should allow user to login with same credentials",
              "timedOut": null,
              "duration": 4376,
              "state": "passed",
              "speed": "fast",
              "pass": true,
              "fail": false,
              "pending": false,
              "context": null,
              "code": "loginPage.visit();\nloginPage.login(user.email, user.password);\ncy.contains('My Notes').should('be.visible');",
              "err": {},
              "uuid": "8d317394-98c1-4993-9960-6e2dcf86b19a",
              "parentUUID": "8cd88a72-8d54-47a5-b01d-c22587cea832",
              "isHook": false,
              "skipped": false
            }
          ],
          "suites": [],
          "passes": [
            "6e869107-300f-43ed-853f-78c4bbfa03ec",
            "8d317394-98c1-4993-9960-6e2dcf86b19a"
          ],
          "failures": [],
          "pending": [],
          "skipped": [],
          "duration": 11004,
          "root": false,
          "rootEmpty": false,
          "_timeout": 2000
        }
      ],
      "passes": [],
      "failures": [],
      "pending": [],
      "skipped": [],
      "duration": 0,
      "root": true,
      "rootEmpty": true,
      "_timeout": 2000
    }
  ],
  "meta": {
    "mocha": {
      "version": "7.2.0"
    },
    "mochawesome": {
      "options": {
        "quiet": false,
        "reportFilename": "mochawesome",
        "saveHtml": false,
        "saveJson": true,
        "consoleReporter": "spec",
        "useInlineDiffs": false,
        "code": true
      },
      "version": "7.1.3"
    },
    "marge": {
      "options": {
        "reportDir": "cypress/reports/mochawesome-report",
        "overwrite": false,
        "html": false,
        "json": true
      },
      "version": "6.2.0"
    }
  }
}