{
  "stats": {
    "suites": 1,
    "tests": 2,
    "passes": 2,
    "pending": 0,
    "failures": 0,
    "start": "2025-08-05T10:49:27.022Z",
    "end": "2025-08-05T10:49:39.761Z",
    "duration": 12739,
    "testsRegistered": 2,
    "passPercent": 100,
    "pendingPercent": 0,
    "other": 0,
    "hasOther": false,
    "skipped": 0,
    "hasSkipped": false
  },
  "results": [
    {
      "uuid": "ed776817-aad3-44f7-b8c8-028eea2d1d95",
      "title": "",
      "fullFile": "cypress\\e2e\\smoke\\signup_login.cy.js",
      "file": "cypress\\e2e\\smoke\\signup_login.cy.js",
      "beforeHooks": [],
      "afterHooks": [],
      "tests": [],
      "suites": [
        {
          "uuid": "98d0ffa9-04b7-4b6c-a0d5-75ed681057af",
          "title": "User SignUp and Login Flow",
          "fullFile": "",
          "file": "",
          "beforeHooks": [],
          "afterHooks": [],
          "tests": [
            {
              "title": "Sign Up - Create new user",
              "fullTitle": "User SignUp and Login Flow Sign Up - Create new user",
              "timedOut": null,
              "duration": 6079,
              "state": "passed",
              "speed": "medium",
              "pass": true,
              "fail": false,
              "pending": false,
              "context": null,
              "code": "registerPage.visit();\nregisterPage.assertRegisterPageVisible();\nregisterPage.fillForm(userData.email, userData.password, userData.name);\nregisterPage.submit();\ncy.contains('User account created successfully').should('be.visible');",
              "err": {},
              "uuid": "e178b57d-ef0b-4338-8834-5630ef362747",
              "parentUUID": "98d0ffa9-04b7-4b6c-a0d5-75ed681057af",
              "isHook": false,
              "skipped": false
            },
            {
              "title": "Login - Use signed up user",
              "fullTitle": "User SignUp and Login Flow Login - Use signed up user",
              "timedOut": null,
              "duration": 4089,
              "state": "passed",
              "speed": "fast",
              "pass": true,
              "fail": false,
              "pending": false,
              "context": null,
              "code": "loginPage.visit();\nloginPage.assertLoginPageVisible();\nloginPage.login(userData.email, userData.password);\ncy.contains('Notes').should('be.visible');",
              "err": {},
              "uuid": "5db705f0-f9d1-4d4b-8fe3-b0b84e88d8d2",
              "parentUUID": "98d0ffa9-04b7-4b6c-a0d5-75ed681057af",
              "isHook": false,
              "skipped": false
            }
          ],
          "suites": [],
          "passes": [
            "e178b57d-ef0b-4338-8834-5630ef362747",
            "5db705f0-f9d1-4d4b-8fe3-b0b84e88d8d2"
          ],
          "failures": [],
          "pending": [],
          "skipped": [],
          "duration": 10168,
          "root": false,
          "rootEmpty": false,
          "_timeout": 2000
        }
      ],
      "passes": [],
      "failures": [],
      "pending": [],
      "skipped": [],
      "duration": 0,
      "root": true,
      "rootEmpty": true,
      "_timeout": 2000
    }
  ],
  "meta": {
    "mocha": {
      "version": "7.2.0"
    },
    "mochawesome": {
      "options": {
        "quiet": false,
        "reportFilename": "mochawesome",
        "saveHtml": false,
        "saveJson": true,
        "consoleReporter": "spec",
        "useInlineDiffs": false,
        "code": true
      },
      "version": "7.1.3"
    },
    "marge": {
      "options": {
        "reportDir": "cypress/reports/mochawesome-report",
        "overwrite": false,
        "html": false,
        "json": true
      },
      "version": "6.2.0"
    }
  }
}