{
  "stats": {
    "suites": 1,
    "tests": 1,
    "passes": 1,
    "pending": 0,
    "failures": 0,
    "start": "2025-08-05T10:48:19.404Z",
    "end": "2025-08-05T10:48:30.150Z",
    "duration": 10746,
    "testsRegistered": 1,
    "passPercent": 100,
    "pendingPercent": 0,
    "other": 0,
    "hasOther": false,
    "skipped": 0,
    "hasSkipped": false
  },
  "results": [
    {
      "uuid": "73c54453-8846-4610-ad19-4c1ce8226dcc",
      "title": "",
      "fullFile": "cypress\\e2e\\regression\\logout.cy.js",
      "file": "cypress\\e2e\\regression\\logout.cy.js",
      "beforeHooks": [],
      "afterHooks": [],
      "tests": [],
      "suites": [
        {
          "uuid": "748006ab-0f99-40db-8b69-1a99a83dfa64",
          "title": "Logout Flow",
          "fullFile": "",
          "file": "",
          "beforeHooks": [],
          "afterHooks": [],
          "tests": [
            {
              "title": "should login and then logout successfully",
              "fullTitle": "Logout Flow should login and then logout successfully",
              "timedOut": null,
              "duration": 7865,
              "state": "passed",
              "speed": "medium",
              "pass": true,
              "fail": false,
              "pending": false,
              "context": null,
              "code": "loginPage.visit();\nloginPage.assertLoginPageVisible();\nloginPage.login(userData.email, userData.password);\ncy.contains('Notes').should('be.visible');\ncy.get('[data-testid=\"logout\"]').click();\ncy.url().should('eq', 'https://practice.expandtesting.com/notes/app');\ncy.contains('h1', 'Welcome to Notes App').should('be.visible');",
              "err": {},
              "uuid": "c65b6bb9-9e2a-44c0-ba80-7b5420f9ae2f",
              "parentUUID": "748006ab-0f99-40db-8b69-1a99a83dfa64",
              "isHook": false,
              "skipped": false
            }
          ],
          "suites": [],
          "passes": [
            "c65b6bb9-9e2a-44c0-ba80-7b5420f9ae2f"
          ],
          "failures": [],
          "pending": [],
          "skipped": [],
          "duration": 7865,
          "root": false,
          "rootEmpty": false,
          "_timeout": 2000
        }
      ],
      "passes": [],
      "failures": [],
      "pending": [],
      "skipped": [],
      "duration": 0,
      "root": true,
      "rootEmpty": true,
      "_timeout": 2000
    }
  ],
  "meta": {
    "mocha": {
      "version": "7.2.0"
    },
    "mochawesome": {
      "options": {
        "quiet": false,
        "reportFilename": "mochawesome",
        "saveHtml": false,
        "saveJson": true,
        "consoleReporter": "spec",
        "useInlineDiffs": false,
        "code": true
      },
      "version": "7.1.3"
    },
    "marge": {
      "options": {
        "reportDir": "cypress/reports/mochawesome-report",
        "overwrite": false,
        "html": false,
        "json": true
      },
      "version": "6.2.0"
    }
  }
}